<?xml version="1.0" encoding="UTF-8"?>
<!-- Generated by org.testng.reporters.JUnitReportReporter -->
<testsuite hostname="Georgievski" failures="0" tests="7" name="testcases.LoginPOTest" time="44.171" errors="0" timestamp="2024-07-22T22:16:41 CEST" skipped="0">
  <testcase classname="testcases.LoginPOTest" name="verifyLoginWithValidCredentials" time="6.786"/>
  <testcase classname="testcases.LoginPOTest" name="verifyLoginWithInvalidCredentials" time="6.162"/>
  <testcase classname="testcases.LoginPOTest" name="verifyLoginWithInvalidEmailAndValidPassword" time="6.654"/>
  <testcase classname="testcases.LoginPOTest" name="verifyLoginWithValidEmailAndInvalidPassword" time="6.413"/>
  <testcase classname="testcases.LoginPOTest" name="verifyLoginWithoutProvidingCredentials" time="6.528"/>
  <testcase classname="testcases.LoginPOTest" name="verifyForgottenPasswordIsDisplayedInLoginPage" time="5.933"/>
  <testcase classname="testcases.LoginPOTest" name="verifyPlaceholderText" time="5.695"/>
</testsuite> <!-- testcases.LoginPOTest -->
