<?xml version="1.0" encoding="UTF-8"?>
<!-- Generated by org.testng.reporters.JUnitReportReporter -->
<testsuite hostname="Georgievski" failures="0" tests="4" name="testcases.RegisterPOTest" time="29.247" errors="0" timestamp="2024-07-22T22:16:41 CEST" skipped="0">
  <testcase classname="testcases.RegisterPOTest" name="verifyRegisteringAnAccountWithMandatoryFields" time="7.570"/>
  <testcase classname="testcases.RegisterPOTest" name="verifyRegisteringAccountByProvidingAllFields" time="7.641"/>
  <testcase classname="testcases.RegisterPOTest" name="verifyRegisteringAccountWithExistingEmailAddress" time="7.360"/>
  <testcase classname="testcases.RegisterPOTest" name="verifyRegisteringAccountWithoutFillingAnyDetails" time="6.676"/>
</testsuite> <!-- testcases.RegisterPOTest -->
